Start testing: Jun 12 19:05 EDT
----------------------------------------------------------
Unable to find executable: Nice_test
1/1 Testing: test1
1/1 Test: test1
Command: "" "--gtest_color=yes"
Directory: /home/jason.b/Desktop/Github/NICE/cpp/build
"test1" start time: 
Output:
----------------------------------------------------------
<end of output>
Test time =   0.00 sec
----------------------------------------------------------
Test Passed.
"test1" end time: Jun 12 19:05 EDT
"test1" time elapsed: 00:00:00
----------------------------------------------------------

End testing: Jun 12 19:05 EDT
